[debug] [2024-10-18T02:45:57.906Z] ----------------------------------------------------------------------
[debug] [2024-10-18T02:45:57.908Z] Command:       C:\Program Files\nodejs\node.exe C:\Users\elton\AppData\Roaming\npm\node_modules\firebase-tools\lib\bin\firebase.js deploy --only functions:recursiveDelete
[debug] [2024-10-18T02:45:57.908Z] CLI Version:   13.0.2
[debug] [2024-10-18T02:45:57.908Z] Platform:      win32
[debug] [2024-10-18T02:45:57.908Z] Node Version:  v18.16.0
[debug] [2024-10-18T02:45:57.909Z] Time:          Fri Oct 18 2024 11:45:57 GMT+0900 (Japan Standard Time)
[debug] [2024-10-18T02:45:57.909Z] ----------------------------------------------------------------------
[debug] 
[debug] [2024-10-18T02:45:57.997Z] > command requires scopes: ["email","openid","https://www.googleapis.com/auth/cloudplatformprojects.readonly","https://www.googleapis.com/auth/firebase","https://www.googleapis.com/auth/cloud-platform"]
[debug] [2024-10-18T02:45:58.001Z] > authorizing via signed-in user (eltonlin1998@gmail.com)
[debug] [2024-10-18T02:45:58.001Z] [iam] checking project feynman-mvp for permissions ["cloudfunctions.functions.create","cloudfunctions.functions.delete","cloudfunctions.functions.get","cloudfunctions.functions.list","cloudfunctions.functions.update","cloudfunctions.operations.get","firebase.projects.get"]
[debug] [2024-10-18T02:45:58.004Z] > refreshing access token with scopes: []
[debug] [2024-10-18T02:45:58.008Z] >>> [apiv2][query] POST https://www.googleapis.com/oauth2/v3/token [none]
[debug] [2024-10-18T02:45:58.009Z] >>> [apiv2][body] POST https://www.googleapis.com/oauth2/v3/token [omitted]
[debug] [2024-10-18T02:45:58.208Z] <<< [apiv2][status] POST https://www.googleapis.com/oauth2/v3/token 200
[debug] [2024-10-18T02:45:58.208Z] <<< [apiv2][body] POST https://www.googleapis.com/oauth2/v3/token [omitted]
[debug] [2024-10-18T02:45:58.221Z] >>> [apiv2][query] POST https://cloudresourcemanager.googleapis.com/v1/projects/feynman-mvp:testIamPermissions [none]
[debug] [2024-10-18T02:45:58.221Z] >>> [apiv2][(partial)header] POST https://cloudresourcemanager.googleapis.com/v1/projects/feynman-mvp:testIamPermissions x-goog-quota-user=projects/feynman-mvp
[debug] [2024-10-18T02:45:58.221Z] >>> [apiv2][body] POST https://cloudresourcemanager.googleapis.com/v1/projects/feynman-mvp:testIamPermissions {"permissions":["cloudfunctions.functions.create","cloudfunctions.functions.delete","cloudfunctions.functions.get","cloudfunctions.functions.list","cloudfunctions.functions.update","cloudfunctions.operations.get","firebase.projects.get"]}
[debug] [2024-10-18T02:45:58.881Z] <<< [apiv2][status] POST https://cloudresourcemanager.googleapis.com/v1/projects/feynman-mvp:testIamPermissions 200
[debug] [2024-10-18T02:45:58.882Z] <<< [apiv2][body] POST https://cloudresourcemanager.googleapis.com/v1/projects/feynman-mvp:testIamPermissions {"permissions":["cloudfunctions.functions.create","cloudfunctions.functions.delete","cloudfunctions.functions.get","cloudfunctions.functions.list","cloudfunctions.functions.update","cloudfunctions.operations.get","firebase.projects.get"]}
[debug] [2024-10-18T02:45:58.883Z] >>> [apiv2][query] POST https://iam.googleapis.com/v1/projects/feynman-mvp/serviceAccounts/feynman-mvp@appspot.gserviceaccount.com:testIamPermissions [none]
[debug] [2024-10-18T02:45:58.883Z] >>> [apiv2][body] POST https://iam.googleapis.com/v1/projects/feynman-mvp/serviceAccounts/feynman-mvp@appspot.gserviceaccount.com:testIamPermissions {"permissions":["iam.serviceAccounts.actAs"]}
[debug] [2024-10-18T02:45:59.803Z] <<< [apiv2][status] POST https://iam.googleapis.com/v1/projects/feynman-mvp/serviceAccounts/feynman-mvp@appspot.gserviceaccount.com:testIamPermissions 200
[debug] [2024-10-18T02:45:59.803Z] <<< [apiv2][body] POST https://iam.googleapis.com/v1/projects/feynman-mvp/serviceAccounts/feynman-mvp@appspot.gserviceaccount.com:testIamPermissions {"permissions":["iam.serviceAccounts.actAs"]}
[info] 
[info] === Deploying to 'feynman-mvp'...
[info] 
[info] i  deploying functions 
[debug] [2024-10-18T02:45:59.813Z] >>> [apiv2][query] GET https://firebase.googleapis.com/v1beta1/projects/feynman-mvp [none]
[debug] [2024-10-18T02:46:00.176Z] <<< [apiv2][status] GET https://firebase.googleapis.com/v1beta1/projects/feynman-mvp 200
[debug] [2024-10-18T02:46:00.177Z] <<< [apiv2][body] GET https://firebase.googleapis.com/v1beta1/projects/feynman-mvp {"projectId":"feynman-mvp","projectNumber":"148720897081","displayName":"explanations","name":"projects/feynman-mvp","resources":{"hostingSite":"feynman-mvp","realtimeDatabaseInstance":"feynman-mvp","storageBucket":"feynman-mvp.appspot.com","locationId":"us-central"},"state":"ACTIVE","etag":"1_31602b66-9063-4270-8928-3fc4891046a1"}
[info] i  functions: preparing codebase default for deployment 
[info] i  functions: ensuring required API cloudfunctions.googleapis.com is enabled... 
[info] i  functions: ensuring required API cloudbuild.googleapis.com is enabled... 
[info] i  artifactregistry: ensuring required API artifactregistry.googleapis.com is enabled... 
[debug] [2024-10-18T02:46:00.182Z] >>> [apiv2][query] GET https://serviceusage.googleapis.com/v1/projects/feynman-mvp/services/cloudfunctions.googleapis.com [none]
[debug] [2024-10-18T02:46:00.182Z] >>> [apiv2][(partial)header] GET https://serviceusage.googleapis.com/v1/projects/feynman-mvp/services/cloudfunctions.googleapis.com x-goog-quota-user=projects/feynman-mvp
[debug] [2024-10-18T02:46:00.185Z] >>> [apiv2][query] GET https://serviceusage.googleapis.com/v1/projects/feynman-mvp/services/runtimeconfig.googleapis.com [none]
[debug] [2024-10-18T02:46:00.185Z] >>> [apiv2][(partial)header] GET https://serviceusage.googleapis.com/v1/projects/feynman-mvp/services/runtimeconfig.googleapis.com x-goog-quota-user=projects/feynman-mvp
[debug] [2024-10-18T02:46:00.187Z] >>> [apiv2][query] GET https://serviceusage.googleapis.com/v1/projects/feynman-mvp/services/cloudbuild.googleapis.com [none]
[debug] [2024-10-18T02:46:00.187Z] >>> [apiv2][(partial)header] GET https://serviceusage.googleapis.com/v1/projects/feynman-mvp/services/cloudbuild.googleapis.com x-goog-quota-user=projects/feynman-mvp
[debug] [2024-10-18T02:46:00.189Z] >>> [apiv2][query] GET https://serviceusage.googleapis.com/v1/projects/feynman-mvp/services/artifactregistry.googleapis.com [none]
[debug] [2024-10-18T02:46:00.189Z] >>> [apiv2][(partial)header] GET https://serviceusage.googleapis.com/v1/projects/feynman-mvp/services/artifactregistry.googleapis.com x-goog-quota-user=projects/feynman-mvp
[debug] [2024-10-18T02:46:01.194Z] <<< [apiv2][status] GET https://serviceusage.googleapis.com/v1/projects/feynman-mvp/services/runtimeconfig.googleapis.com 200
[debug] [2024-10-18T02:46:01.194Z] <<< [apiv2][body] GET https://serviceusage.googleapis.com/v1/projects/feynman-mvp/services/runtimeconfig.googleapis.com [omitted]
[debug] [2024-10-18T02:46:01.198Z] <<< [apiv2][status] GET https://serviceusage.googleapis.com/v1/projects/feynman-mvp/services/artifactregistry.googleapis.com 200
[debug] [2024-10-18T02:46:01.198Z] <<< [apiv2][body] GET https://serviceusage.googleapis.com/v1/projects/feynman-mvp/services/artifactregistry.googleapis.com [omitted]
[info] +  artifactregistry: required API artifactregistry.googleapis.com is enabled 
[debug] [2024-10-18T02:46:01.202Z] <<< [apiv2][status] GET https://serviceusage.googleapis.com/v1/projects/feynman-mvp/services/cloudbuild.googleapis.com 200
[debug] [2024-10-18T02:46:01.202Z] <<< [apiv2][body] GET https://serviceusage.googleapis.com/v1/projects/feynman-mvp/services/cloudbuild.googleapis.com [omitted]
[info] +  functions: required API cloudbuild.googleapis.com is enabled 
[debug] [2024-10-18T02:46:01.204Z] <<< [apiv2][status] GET https://serviceusage.googleapis.com/v1/projects/feynman-mvp/services/cloudfunctions.googleapis.com 200
[debug] [2024-10-18T02:46:01.204Z] <<< [apiv2][body] GET https://serviceusage.googleapis.com/v1/projects/feynman-mvp/services/cloudfunctions.googleapis.com [omitted]
[info] +  functions: required API cloudfunctions.googleapis.com is enabled 
[debug] [2024-10-18T02:46:01.205Z] >>> [apiv2][query] GET https://firebase.googleapis.com/v1beta1/projects/feynman-mvp/adminSdkConfig [none]
[debug] [2024-10-18T02:46:02.404Z] <<< [apiv2][status] GET https://firebase.googleapis.com/v1beta1/projects/feynman-mvp/adminSdkConfig 200
[debug] [2024-10-18T02:46:02.404Z] <<< [apiv2][body] GET https://firebase.googleapis.com/v1beta1/projects/feynman-mvp/adminSdkConfig {"projectId":"feynman-mvp","databaseURL":"https://feynman-mvp.firebaseio.com","storageBucket":"feynman-mvp.appspot.com","locationId":"us-central"}
[debug] [2024-10-18T02:46:02.406Z] >>> [apiv2][query] GET https://runtimeconfig.googleapis.com/v1beta1/projects/feynman-mvp/configs [none]
[debug] [2024-10-18T02:46:02.840Z] <<< [apiv2][status] GET https://runtimeconfig.googleapis.com/v1beta1/projects/feynman-mvp/configs 200
[debug] [2024-10-18T02:46:02.841Z] <<< [apiv2][body] GET https://runtimeconfig.googleapis.com/v1beta1/projects/feynman-mvp/configs {"configs":[{"name":"projects/feynman-mvp/configs/postmark"},{"name":"projects/feynman-mvp/configs/twilio"},{"name":"projects/feynman-mvp/configs/fb"}]}
[debug] [2024-10-18T02:46:02.842Z] >>> [apiv2][query] GET https://runtimeconfig.googleapis.com/v1beta1/projects/feynman-mvp/configs/postmark/variables [none]
[debug] [2024-10-18T02:46:02.847Z] >>> [apiv2][query] GET https://runtimeconfig.googleapis.com/v1beta1/projects/feynman-mvp/configs/twilio/variables [none]
[debug] [2024-10-18T02:46:02.851Z] >>> [apiv2][query] GET https://runtimeconfig.googleapis.com/v1beta1/projects/feynman-mvp/configs/fb/variables [none]
[debug] [2024-10-18T02:46:03.180Z] <<< [apiv2][status] GET https://runtimeconfig.googleapis.com/v1beta1/projects/feynman-mvp/configs/fb/variables 200
[debug] [2024-10-18T02:46:03.180Z] <<< [apiv2][body] GET https://runtimeconfig.googleapis.com/v1beta1/projects/feynman-mvp/configs/fb/variables {"variables":[{"name":"projects/feynman-mvp/configs/fb/variables/token","updateTime":"2019-01-04T03:09:03.801999453Z"}]}
[debug] [2024-10-18T02:46:03.181Z] >>> [apiv2][query] GET https://runtimeconfig.googleapis.com/v1beta1/projects/feynman-mvp/configs/fb/variables/token [none]
[debug] [2024-10-18T02:46:03.192Z] <<< [apiv2][status] GET https://runtimeconfig.googleapis.com/v1beta1/projects/feynman-mvp/configs/twilio/variables 200
[debug] [2024-10-18T02:46:03.192Z] <<< [apiv2][body] GET https://runtimeconfig.googleapis.com/v1beta1/projects/feynman-mvp/configs/twilio/variables {"variables":[{"name":"projects/feynman-mvp/configs/twilio/variables/accountsid","updateTime":"2021-12-10T22:58:12.878614116Z"},{"name":"projects/feynman-mvp/configs/twilio/variables/authtoken","updateTime":"2022-09-15T20:45:49.697239263Z"}]}
[debug] [2024-10-18T02:46:03.193Z] >>> [apiv2][query] GET https://runtimeconfig.googleapis.com/v1beta1/projects/feynman-mvp/configs/twilio/variables/accountsid [none]
[debug] [2024-10-18T02:46:03.196Z] >>> [apiv2][query] GET https://runtimeconfig.googleapis.com/v1beta1/projects/feynman-mvp/configs/twilio/variables/authtoken [none]
[debug] [2024-10-18T02:46:03.215Z] <<< [apiv2][status] GET https://runtimeconfig.googleapis.com/v1beta1/projects/feynman-mvp/configs/postmark/variables 200
[debug] [2024-10-18T02:46:03.215Z] <<< [apiv2][body] GET https://runtimeconfig.googleapis.com/v1beta1/projects/feynman-mvp/configs/postmark/variables {"variables":[{"name":"projects/feynman-mvp/configs/postmark/variables/apikey","updateTime":"2024-07-16T04:33:32.366304158Z"}]}
[debug] [2024-10-18T02:46:03.215Z] >>> [apiv2][query] GET https://runtimeconfig.googleapis.com/v1beta1/projects/feynman-mvp/configs/postmark/variables/apikey [none]
[debug] [2024-10-18T02:46:03.491Z] <<< [apiv2][status] GET https://runtimeconfig.googleapis.com/v1beta1/projects/feynman-mvp/configs/fb/variables/token 200
[debug] [2024-10-18T02:46:03.492Z] <<< [apiv2][body] GET https://runtimeconfig.googleapis.com/v1beta1/projects/feynman-mvp/configs/fb/variables/token {"name":"projects/feynman-mvp/configs/fb/variables/token","updateTime":"2019-01-04T03:09:03.801999453Z","text":"1/qudw9UTXgIkgdUALN2ly6V6LmpIsHiwLvQnxVXnRchc"}
[debug] [2024-10-18T02:46:03.515Z] <<< [apiv2][status] GET https://runtimeconfig.googleapis.com/v1beta1/projects/feynman-mvp/configs/twilio/variables/accountsid 200
[debug] [2024-10-18T02:46:03.515Z] <<< [apiv2][body] GET https://runtimeconfig.googleapis.com/v1beta1/projects/feynman-mvp/configs/twilio/variables/accountsid {"name":"projects/feynman-mvp/configs/twilio/variables/accountsid","updateTime":"2021-12-10T22:58:12.878614116Z","text":"AC0224581db29cfc0db42348e72c63a288"}
[debug] [2024-10-18T02:46:03.520Z] <<< [apiv2][status] GET https://runtimeconfig.googleapis.com/v1beta1/projects/feynman-mvp/configs/postmark/variables/apikey 200
[debug] [2024-10-18T02:46:03.520Z] <<< [apiv2][body] GET https://runtimeconfig.googleapis.com/v1beta1/projects/feynman-mvp/configs/postmark/variables/apikey {"name":"projects/feynman-mvp/configs/postmark/variables/apikey","updateTime":"2024-07-16T04:33:32.366304158Z","text":"e8c461b4-c49a-4881-bf8a-9b5b92f90cd6"}
[debug] [2024-10-18T02:46:03.530Z] <<< [apiv2][status] GET https://runtimeconfig.googleapis.com/v1beta1/projects/feynman-mvp/configs/twilio/variables/authtoken 200
[debug] [2024-10-18T02:46:03.530Z] <<< [apiv2][body] GET https://runtimeconfig.googleapis.com/v1beta1/projects/feynman-mvp/configs/twilio/variables/authtoken {"name":"projects/feynman-mvp/configs/twilio/variables/authtoken","updateTime":"2022-09-15T20:45:49.697239263Z","text":"8c3272860a6a712e241b29750cd64c2b"}
[debug] [2024-10-18T02:46:03.533Z] Validating nodejs source
[warn] !  functions: package.json indicates an outdated version of firebase-functions. Please upgrade using npm install --save firebase-functions@latest in your functions directory. 
[warn] !  functions: Please note that there will be breaking changes when you upgrade. 
[debug] [2024-10-18T02:46:04.941Z] > [functions] package.json contents: {
  "name": "functions",
  "description": "Cloud Functions for Firebase",
  "scripts": {
    "serve": "firebase emulators:start --only functions",
    "shell": "firebase functions:shell",
    "start": "npm run shell",
    "deploy": "firebase deploy --only functions",
    "logs": "firebase functions:log"
  },
  "engines": {
    "node": "14"
  },
  "main": "index.js",
  "dependencies": {
    "firebase-admin": "^9.8.0",
    "firebase-functions": "^3.14.1",
    "firebase-tools": "^11.0.0",
    "postmark": "^3.1.1",
    "twilio": "^3.71.3"
  },
  "devDependencies": {
    "firebase-functions-test": "^0.2.0"
  },
  "private": true
}
[debug] [2024-10-18T02:46:04.942Z] Building nodejs source
[info] i  functions: Loading and analyzing source code for codebase default to determine what to deploy 
[warn] !  functions: You are using an old version of firebase-functions SDK (3.16.0). Please update firebase-functions SDK to >=3.20.0 
[info] i  functions: Loaded environment variables from .env. 
[info] i  functions: preparing functions directory for uploading... 
[info] i  functions: packaged C:\Users\elton\Developer\explanations-io\functions (331.98 KB) for uploading 
[debug] [2024-10-18T02:46:08.472Z] >>> [apiv2][query] GET https://cloudfunctions.googleapis.com/v1/projects/feynman-mvp/locations/-/functions [none]
[debug] [2024-10-18T02:46:09.400Z] <<< [apiv2][status] GET https://cloudfunctions.googleapis.com/v1/projects/feynman-mvp/locations/-/functions 200
[debug] [2024-10-18T02:46:09.400Z] <<< [apiv2][body] GET https://cloudfunctions.googleapis.com/v1/projects/feynman-mvp/locations/-/functions {"functions":[{"name":"projects/feynman-mvp/locations/us-central1/functions/sendEmail","httpsTrigger":{"url":"https://us-central1-feynman-mvp.cloudfunctions.net/sendEmail","securityLevel":"SECURE_ALWAYS"},"status":"ACTIVE","entryPoint":"sendEmail","timeout":"60s","availableMemoryMb":256,"serviceAccountEmail":"feynman-mvp@appspot.gserviceaccount.com","updateTime":"2024-10-17T12:38:22.111Z","versionId":"10","labels":{"deployment-callable":"true","firebase-functions-hash":"688287cb94e5a111204b4a2de349265efb07bf91","deployment-tool":"cli-firebase"},"sourceUploadUrl":"https://storage.googleapis.com/uploads-838138424489.us-central1.cloudfunctions.appspot.com/96d73699-ccb9-4642-a1c1-59f9b18a1f10.zip","environmentVariables":{"TWILIO_AUTHTOKEN":"8c3272860a6a712e241b29750cd64c2b","TWILIO_ACCOUNTSID":"AC0224581db29cfc0db42348e72c63a288","FIREBASE_CONFIG":"{\"projectId\":\"feynman-mvp\",\"databaseURL\":\"https://feynman-mvp.firebaseio.com\",\"storageBucket\":\"feynman-mvp.appspot.com\",\"locationId\":\"us-central\"}","GCLOUD_PROJECT":"feynman-mvp","EVENTARC_CLOUD_EVENT_SOURCE":"projects/feynman-mvp/locations/us-central1/functions/sendEmail"},"runtime":"nodejs14","ingressSettings":"ALLOW_ALL","buildId":"30998521-57c2-47d1-b114-f11208641403","buildEnvironmentVariables":{"GOOGLE_NODE_RUN_SCRIPTS":""},"buildName":"projects/148720897081/locations/us-central1/builds/30998521-57c2-47d1-b114-f11208641403","dockerRegistry":"ARTIFACT_REGISTRY","automaticUpdatePolicy":{}},{"name":"projects/feynman-mvp/locations/us-central1/functions/sendTextMessage","httpsTrigger":{"url":"https://us-central1-feynman-mvp.cloudfunctions.net/sendTextMessage","securityLevel":"SECURE_OPTIONAL"},"status":"ACTIVE","entryPoint":"sendTextMessage","timeout":"60s","availableMemoryMb":256,"serviceAccountEmail":"feynman-mvp@appspot.gserviceaccount.com","updateTime":"2024-10-17T12:38:22.060Z","versionId":"15","labels":{"deployment-tool":"cli-firebase","deployment-callable":"true","firebase-functions-hash":"688287cb94e5a111204b4a2de349265efb07bf91"},"sourceUploadUrl":"https://storage.googleapis.com/uploads-838138424489.us-central1.cloudfunctions.appspot.com/96d73699-ccb9-4642-a1c1-59f9b18a1f10.zip","environmentVariables":{"TWILIO_AUTHTOKEN":"8c3272860a6a712e241b29750cd64c2b","TWILIO_ACCOUNTSID":"AC0224581db29cfc0db42348e72c63a288","FIREBASE_CONFIG":"{\"projectId\":\"feynman-mvp\",\"databaseURL\":\"https://feynman-mvp.firebaseio.com\",\"storageBucket\":\"feynman-mvp.appspot.com\",\"locationId\":\"us-central\"}","GCLOUD_PROJECT":"feynman-mvp","EVENTARC_CLOUD_EVENT_SOURCE":"projects/feynman-mvp/locations/us-central1/functions/sendTextMessage"},"runtime":"nodejs14","ingressSettings":"ALLOW_ALL","buildId":"30998521-57c2-47d1-b114-f11208641403","buildEnvironmentVariables":{"GOOGLE_NODE_RUN_SCRIPTS":""},"buildName":"projects/148720897081/locations/us-central1/builds/30998521-57c2-47d1-b114-f11208641403","dockerRegistry":"ARTIFACT_REGISTRY","automaticUpdatePolicy":{}},{"name":"projects/feynman-mvp/locations/us-central1/functions/recursiveDelete","httpsTrigger":{"url":"https://us-central1-feynman-mvp.cloudfunctions.net/recursiveDelete","securityLevel":"SECURE_OPTIONAL"},"status":"ACTIVE","entryPoint":"recursiveDelete","timeout":"540s","availableMemoryMb":2048,"serviceAccountEmail":"feynman-mvp@appspot.gserviceaccount.com","updateTime":"2024-10-17T12:38:19.673Z","versionId":"39","labels":{"deployment-tool":"cli-firebase","deployment-callable":"true","firebase-functions-hash":"688287cb94e5a111204b4a2de349265efb07bf91"},"sourceUploadUrl":"https://storage.googleapis.com/uploads-838138424489.us-central1.cloudfunctions.appspot.com/96d73699-ccb9-4642-a1c1-59f9b18a1f10.zip","environmentVariables":{"TWILIO_AUTHTOKEN":"8c3272860a6a712e241b29750cd64c2b","TWILIO_ACCOUNTSID":"AC0224581db29cfc0db42348e72c63a288","FIREBASE_CONFIG":"{\"projectId\":\"feynman-mvp\",\"databaseURL\":\"https://feynman-mvp.firebaseio.com\",\"storageBucket\":\"feynman-mvp.appspot.com\",\"locationId\":\"us-central\"}","GCLOUD_PROJECT":"feynman-mvp","EVENTARC_CLOUD_EVENT_SOURCE":"projects/feynman-mvp/locations/us-central1/functions/recursiveDelete"},"runtime":"nodejs14","ingressSettings":"ALLOW_ALL","buildId":"90f90908-daee-4dd2-a796-c712f3b3cf1d","buildEnvironmentVariables":{"GOOGLE_NODE_RUN_SCRIPTS":""},"buildName":"projects/148720897081/locations/us-central1/builds/90f90908-daee-4dd2-a796-c712f3b3cf1d","dockerRegistry":"ARTIFACT_REGISTRY","automaticUpdatePolicy":{}}]}
[debug] [2024-10-18T02:46:09.403Z] >>> [apiv2][query] GET https://cloudfunctions.googleapis.com/v2/projects/feynman-mvp/locations/-/functions filter=environment%3D%22GEN_2%22
[debug] [2024-10-18T02:46:10.758Z] <<< [apiv2][status] GET https://cloudfunctions.googleapis.com/v2/projects/feynman-mvp/locations/-/functions 200
[debug] [2024-10-18T02:46:10.758Z] <<< [apiv2][body] GET https://cloudfunctions.googleapis.com/v2/projects/feynman-mvp/locations/-/functions {}
[debug] [2024-10-18T02:46:10.765Z] >>> [apiv2][query] GET https://firebase.googleapis.com/v1beta1/projects/feynman-mvp [none]
